# JRE version: 7.0_05-b05
# Java VM: Java HotSpot(TM) Server VM (23.1-b03 mixed mode linux-x86 )
Heap
 PSYoungGen      total 458752K, used 298349K [0x8b490000, 0xab490000, 0xab490000)
  eden space 393216K, 59% used [0x8b490000,0x997ed668,0xa3490000)
  from space 65536K, 99% used [0xa7490000,0xab48ddb0,0xab490000)
  to   space 65536K, 0% used [0xa3490000,0xa3490000,0xa7490000)
 ParOldGen       total 1048576K, used 76102K [0x4b490000, 0x8b490000, 0x8b490000)
  object space 1048576K, 7% used [0x4b490000,0x4fee1870,0x8b490000)
 PSPermGen       total 54784K, used 54765K [0x33490000, 0x36a10000, 0x4b490000)
  object space 54784K, 99% used [0x33490000,0x36a0b7e0,0x36a10000)
GC Heap History (8 events):
Event: 48,785 GC heap before
{Heap before GC invocations=1 (full 0):
 PSYoungGen      total 458752K, used 393216K [0x8b490000, 0xab490000, 0xab490000)
  eden space 393216K, 100% used [0x8b490000,0xa3490000,0xa3490000)
  from space 65536K, 0% used [0xa7490000,0xa7490000,0xab490000)
  to   space 65536K, 0% used [0xa3490000,0xa3490000,0xa7490000)
 ParOldGen       total 1048576K, used 0K [0x4b490000, 0x8b490000, 0x8b490000)
  object space 1048576K, 0% used [0x4b490000,0x4b490000,0x8b490000)
 PSPermGen       total 20096K, used 19994K [0x33490000, 0x34830000, 0x4b490000)
  object space 20096K, 99% used [0x33490000,0x34816b68,0x34830000)
Event: 48,871 GC heap after
Heap after GC invocations=1 (full 0):
 PSYoungGen      total 458752K, used 22171K [0x8b490000, 0xab490000, 0xab490000)
  eden space 393216K, 0% used [0x8b490000,0x8b490000,0xa3490000)
  from space 65536K, 33% used [0xa3490000,0xa4a36c98,0xa7490000)
  to   space 65536K, 0% used [0xa7490000,0xa7490000,0xab490000)
 ParOldGen       total 1048576K, used 4K [0x4b490000, 0x8b490000, 0x8b490000)
  object space 1048576K, 0% used [0x4b490000,0x4b491000,0x8b490000)
 PSPermGen       total 20096K, used 19994K [0x33490000, 0x34830000, 0x4b490000)
  object space 20096K, 99% used [0x33490000,0x34816b68,0x34830000)
}
Event: 82,380 GC heap before
{Heap before GC invocations=2 (full 0):
 PSYoungGen      total 458752K, used 415387K [0x8b490000, 0xab490000, 0xab490000)
  eden space 393216K, 100% used [0x8b490000,0xa3490000,0xa3490000)
  from space 65536K, 33% used [0xa3490000,0xa4a36c98,0xa7490000)
  to   space 65536K, 0% used [0xa7490000,0xa7490000,0xab490000)
 ParOldGen       total 1048576K, used 4K [0x4b490000, 0x8b490000, 0x8b490000)
  object space 1048576K, 0% used [0x4b490000,0x4b491000,0x8b490000)
 PSPermGen       total 31488K, used 31390K [0x33490000, 0x35350000, 0x4b490000)
  object space 31488K, 99% used [0x33490000,0x35337950,0x35350000)
Event: 82,544 GC heap after
Heap after GC invocations=2 (full 0):
 PSYoungGen      total 458752K, used 51708K [0x8b490000, 0xab490000, 0xab490000)
  eden space 393216K, 0% used [0x8b490000,0x8b490000,0xa3490000)
  from space 65536K, 78% used [0xa7490000,0xaa70f080,0xab490000)
  to   space 65536K, 0% used [0xa3490000,0xa3490000,0xa7490000)
 ParOldGen       total 1048576K, used 8K [0x4b490000, 0x8b490000, 0x8b490000)
  object space 1048576K, 0% used [0x4b490000,0x4b492000,0x8b490000)
 PSPermGen       total 31488K, used 31390K [0x33490000, 0x35350000, 0x4b490000)
  object space 31488K, 99% used [0x33490000,0x35337950,0x35350000)
}
Event: 113,038 GC heap before
{Heap before GC invocations=3 (full 0):
 PSYoungGen      total 458752K, used 444924K [0x8b490000, 0xab490000, 0xab490000)
  eden space 393216K, 100% used [0x8b490000,0xa3490000,0xa3490000)
  from space 65536K, 78% used [0xa7490000,0xaa70f080,0xab490000)
  to   space 65536K, 0% used [0xa3490000,0xa3490000,0xa7490000)
 ParOldGen       total 1048576K, used 8K [0x4b490000, 0x8b490000, 0x8b490000)
  object space 1048576K, 0% used [0x4b490000,0x4b492000,0x8b490000)
 PSPermGen       total 35328K, used 35239K [0x33490000, 0x35710000, 0x4b490000)
  object space 35328K, 99% used [0x33490000,0x356f9dc8,0x35710000)
Event: 113,377 GC heap after
Heap after GC invocations=3 (full 0):
 PSYoungGen      total 458752K, used 65528K [0x8b490000, 0xab490000, 0xab490000)
  eden space 393216K, 0% used [0x8b490000,0x8b490000,0xa3490000)
  from space 65536K, 99% used [0xa3490000,0xa748e378,0xa7490000)
  to   space 65536K, 0% used [0xa7490000,0xa7490000,0xab490000)
 ParOldGen       total 1048576K, used 30815K [0x4b490000, 0x8b490000, 0x8b490000)
  object space 1048576K, 2% used [0x4b490000,0x4d2a7f98,0x8b490000)
 PSPermGen       total 35328K, used 35239K [0x33490000, 0x35710000, 0x4b490000)
  object space 35328K, 99% used [0x33490000,0x356f9dc8,0x35710000)
}
Event: 151,586 GC heap before
{Heap before GC invocations=4 (full 0):
 PSYoungGen      total 458752K, used 458744K [0x8b490000, 0xab490000, 0xab490000)
  eden space 393216K, 100% used [0x8b490000,0xa3490000,0xa3490000)
  from space 65536K, 99% used [0xa3490000,0xa748e378,0xa7490000)
  to   space 65536K, 0% used [0xa7490000,0xa7490000,0xab490000)
 ParOldGen       total 1048576K, used 30815K [0x4b490000, 0x8b490000, 0x8b490000)
  object space 1048576K, 2% used [0x4b490000,0x4d2a7f98,0x8b490000)
 PSPermGen       total 49536K, used 49480K [0x33490000, 0x364f0000, 0x4b490000)
  object space 49536K, 99% used [0x33490000,0x364e2350,0x364f0000)
Event: 151,949 GC heap after
Heap after GC invocations=4 (full 0):
 PSYoungGen      total 458752K, used 65527K [0x8b490000, 0xab490000, 0xab490000)
  eden space 393216K, 0% used [0x8b490000,0x8b490000,0xa3490000)
  from space 65536K, 99% used [0xa7490000,0xab48ddb0,0xab490000)
  to   space 65536K, 0% used [0xa3490000,0xa3490000,0xa7490000)
 ParOldGen       total 1048576K, used 76102K [0x4b490000, 0x8b490000, 0x8b490000)
  object space 1048576K, 7% used [0x4b490000,0x4fee1870,0x8b490000)
 PSPermGen       total 49536K, used 49480K [0x33490000, 0x364f0000, 0x4b490000)
  object space 49536K, 99% used [0x33490000,0x364e2350,0x364f0000)
}

